GET -- / -- Mozilla/5.0 (Windows NT 10.0; Win64; x64) AppleWebKit/537.36 (KHTML, like Gecko) Chrome/78.0.3904.87 Safari/537.36 -- 1574150564582
GET -- /favicon.ico -- Mozilla/5.0 (Windows NT 10.0; Win64; x64) AppleWebKit/537.36 (KHTML, like Gecko) Chrome/78.0.3904.87 Safari/537.36 -- 1574150564626
GET -- /api/blog/list -- Mozilla/5.0 (Windows NT 10.0; Win64; x64) AppleWebKit/537.36 (KHTML, like Gecko) Chrome/78.0.3904.87 Safari/537.36 -- 1574150603551
GET -- /api/user/login -- Mozilla/5.0 (Windows NT 10.0; Win64; x64) AppleWebKit/537.36 (KHTML, like Gecko) Chrome/78.0.3904.87 Safari/537.36 -- 1574151296244
GET -- /api/user/login?author=lyt -- Mozilla/5.0 (Windows NT 10.0; Win64; x64) AppleWebKit/537.36 (KHTML, like Gecko) Chrome/78.0.3904.87 Safari/537.36 -- 1574152106118
GET -- /api/blog/list?author=lyt -- Mozilla/5.0 (Windows NT 10.0; Win64; x64) AppleWebKit/537.36 (KHTML, like Gecko) Chrome/78.0.3904.87 Safari/537.36 -- 1574152125013
GET -- /api/blog/detail?id=2 -- Mozilla/5.0 (Windows NT 10.0; Win64; x64) AppleWebKit/537.36 (KHTML, like Gecko) Chrome/78.0.3904.87 Safari/537.36 -- 1574152180469
GET -- /api/blog/detail?id=2 -- ApiPOST Runtime +https://www.apipost.cn -- 1574152785081
POST -- /api/blog/new -- ApiPOST Runtime +https://www.apipost.cn -- 1574152825623
POST -- /api/blog/new -- ApiPOST Runtime +https://www.apipost.cn -- 1574152855426
POST -- /api/blog/new -- ApiPOST Runtime +https://www.apipost.cn -- 1574152865404
POST -- /api/blog/new -- ApiPOST Runtime +https://www.apipost.cn -- 1574152871103
POST -- /api/blog/new -- ApiPOST Runtime +https://www.apipost.cn -- 1574152976702
POST -- /api/blog/new -- ApiPOST Runtime +https://www.apipost.cn -- 1574153036972
POST -- /api/blog/new -- ApiPOST Runtime +https://www.apipost.cn -- 1574153113952
POST -- /api/blog/new -- ApiPOST Runtime +https://www.apipost.cn -- 1574153237079
POST -- /api/blog/new -- ApiPOST Runtime +https://www.apipost.cn -- 1574153301850
POST -- /api/blog/new -- ApiPOST Runtime +https://www.apipost.cn -- 1574153316004
GET -- / -- Mozilla/5.0 (Windows NT 10.0; Win64; x64) AppleWebKit/537.36 (KHTML, like Gecko) Chrome/78.0.3904.87 Safari/537.36 -- 1574213751987
GET -- /favicon.ico -- Mozilla/5.0 (Windows NT 10.0; Win64; x64) AppleWebKit/537.36 (KHTML, like Gecko) Chrome/78.0.3904.87 Safari/537.36 -- 1574213752160
GET -- /api/blog/list -- Mozilla/5.0 (Windows NT 10.0; Win64; x64) AppleWebKit/537.36 (KHTML, like Gecko) Chrome/78.0.3904.87 Safari/537.36 -- 1574213768816
POST -- /api/blog/new -- ApiPOST Runtime +https://www.apipost.cn -- 1574213802559
POST -- /api/blog/new -- ApiPOST Runtime +https://www.apipost.cn -- 1574213824974
POST -- /api/blog/new -- ApiPOST Runtime +https://www.apipost.cn -- 1574213875008
POST -- /api/blog/new -- ApiPOST Runtime +https://www.apipost.cn -- 1574214633928
POST -- /api/blog/update -- ApiPOST Runtime +https://www.apipost.cn -- 1574217242284
POST -- /api/blog/update -- ApiPOST Runtime +https://www.apipost.cn -- 1574217334329
POST -- /api/blog/update -- ApiPOST Runtime +https://www.apipost.cn -- 1574217501858
POST -- /api/blog/update -- ApiPOST Runtime +https://www.apipost.cn -- 1574217617259
POST -- /api/blog/update -- ApiPOST Runtime +https://www.apipost.cn -- 1574217691103
POST -- /api/blog/update?id=16 -- ApiPOST Runtime +https://www.apipost.cn -- 1574217820406
POST -- /api/blog/update?id=16 -- ApiPOST Runtime +https://www.apipost.cn -- 1574217888719
POST -- /api/blog/del?id=16 -- ApiPOST Runtime +https://www.apipost.cn -- 1574217971317
POST -- /api/blog/del?id=16 -- ApiPOST Runtime +https://www.apipost.cn -- 1574218029389
GET -- /api/blog/detail?id=2 -- ApiPOST Runtime +https://www.apipost.cn -- 1574218252370
GET -- / -- Mozilla/5.0 (Windows NT 10.0; Win64; x64) AppleWebKit/537.36 (KHTML, like Gecko) Chrome/78.0.3904.87 Safari/537.36 -- 1575859107285
GET -- /favicon.ico -- Mozilla/5.0 (Windows NT 10.0; Win64; x64) AppleWebKit/537.36 (KHTML, like Gecko) Chrome/78.0.3904.87 Safari/537.36 -- 1575859109564
GET -- //api/blog/list -- ApiPOST Runtime +https://www.apipost.cn -- 1575859206865
GET -- /api/blog/list -- ApiPOST Runtime +https://www.apipost.cn -- 1575859239332
GET -- /api/blog/detail?id=1 -- ApiPOST Runtime +https://www.apipost.cn -- 1575859264984
GET -- /api/blog/detail?id=2 -- ApiPOST Runtime +https://www.apipost.cn -- 1575859271194
GET -- /api/blog/detail?id=2 -- ApiPOST Runtime +https://www.apipost.cn -- 1575859272949
POST -- /api/blog/list -- ApiPOST Runtime +https://www.apipost.cn -- 1575859472423
GET -- /api/blog/list -- ApiPOST Runtime +https://www.apipost.cn -- 1575859481882
GET -- /api/blog/detail -- ApiPOST Runtime +https://www.apipost.cn -- 1575859499850
GET -- /api/blog/detail?id=1 -- ApiPOST Runtime +https://www.apipost.cn -- 1575859511181
POST -- /api/blog/new -- ApiPOST Runtime +https://www.apipost.cn -- 1575859980856
POST -- /api/blog/new -- ApiPOST Runtime +https://www.apipost.cn -- 1575860059916
POST -- /api/blog/new -- ApiPOST Runtime +https://www.apipost.cn -- 1575860112454
POST -- /api/blog/new -- ApiPOST Runtime +https://www.apipost.cn -- 1575860161364
POST -- /api/blog/update?id=20 -- ApiPOST Runtime +https://www.apipost.cn -- 1575860295227
POST -- /api/blog/del?id=1 -- ApiPOST Runtime +https://www.apipost.cn -- 1575860357495
POST -- /api/blog/del?id=1 -- ApiPOST Runtime +https://www.apipost.cn -- 1575860426945
POST -- /api/blog/del?id=1 -- ApiPOST Runtime +https://www.apipost.cn -- 1575860505219
POST -- /api/blog/del?id=1 -- ApiPOST Runtime +https://www.apipost.cn -- 1575860526805
POST -- /api/blog/del?id=20 -- ApiPOST Runtime +https://www.apipost.cn -- 1575860929469
POST -- /api/blog/new -- ApiPOST Runtime +https://www.apipost.cn -- 1575860959576
POST -- /api/user/login -- ApiPOST Runtime +https://www.apipost.cn -- 1575869710347
POST -- /api/user/login -- ApiPOST Runtime +https://www.apipost.cn -- 1575869721376
POST -- /api/user/login -- ApiPOST Runtime +https://www.apipost.cn -- 1575869779871
POST -- /api/user/login -- ApiPOST Runtime +https://www.apipost.cn -- 1575869797585
POST -- /api/user/login -- ApiPOST Runtime +https://www.apipost.cn -- 1575869811899
POST -- /api/user/login -- ApiPOST Runtime +https://www.apipost.cn -- 1575869841797
POST -- /api/user/login -- ApiPOST Runtime +https://www.apipost.cn -- 1575869857554
POST -- /api/user/login -- ApiPOST Runtime +https://www.apipost.cn -- 1575869883304
POST -- /api/user/login -- ApiPOST Runtime +https://www.apipost.cn -- 1575869913788
POST -- /api/user/login -- ApiPOST Runtime +https://www.apipost.cn -- 1575869930515
POST -- /api/user/login -- ApiPOST Runtime +https://www.apipost.cn -- 1575869982698
POST -- /api/user/login -- ApiPOST Runtime +https://www.apipost.cn -- 1575870012238
POST -- /api/user/login -- ApiPOST Runtime +https://www.apipost.cn -- 1575870023044
POST -- /api/user/login -- ApiPOST Runtime +https://www.apipost.cn -- 1575870078645
POST -- /api/user/login -- ApiPOST Runtime +https://www.apipost.cn -- 1575870116244
POST -- /api/user/login -- ApiPOST Runtime +https://www.apipost.cn -- 1575870164753
POST -- /api/user/login -- ApiPOST Runtime +https://www.apipost.cn -- 1575870247873
POST -- /api/user/login -- ApiPOST Runtime +https://www.apipost.cn -- 1575871031862
GET -- / -- Mozilla/5.0 (Windows NT 10.0; Win64; x64) AppleWebKit/537.36 (KHTML, like Gecko) Chrome/78.0.3904.87 Safari/537.36 -- 1575955393794
GET -- //api/user/login-test -- Mozilla/5.0 (Windows NT 10.0; Win64; x64) AppleWebKit/537.36 (KHTML, like Gecko) Chrome/78.0.3904.87 Safari/537.36 -- 1575955395322
GET -- /api/user/login-test -- Mozilla/5.0 (Windows NT 10.0; Win64; x64) AppleWebKit/537.36 (KHTML, like Gecko) Chrome/78.0.3904.87 Safari/537.36 -- 1575955401886
GET -- /api/user/login-test -- Mozilla/5.0 (Windows NT 10.0; Win64; x64) AppleWebKit/537.36 (KHTML, like Gecko) Chrome/78.0.3904.87 Safari/537.36 -- 1575955435294
POST -- /api/user/login?username=%E6%9D%8E%E4%BA%91%E6%B6%9B&password=1122 -- ApiPOST Runtime +https://www.apipost.cn -- 1575955657143
POST -- /api/user/login?username=%E6%9D%8E%E4%BA%91%E6%B6%9B&password=1122 -- ApiPOST Runtime +https://www.apipost.cn -- 1575955695067
POST -- /api/user/login?username=%E6%9D%8E%E4%BA%91%E6%B6%9B&password=1122 -- ApiPOST Runtime +https://www.apipost.cn -- 1575955931260
POST -- /api/user/login -- ApiPOST Runtime +https://www.apipost.cn -- 1575955952302
POST -- /api/user/login -- ApiPOST Runtime +https://www.apipost.cn -- 1575956011500
POST -- /api/user/login -- ApiPOST Runtime +https://www.apipost.cn -- 1575956020644
POST -- /api/user/login -- ApiPOST Runtime +https://www.apipost.cn -- 1575956095028
POST -- /api/user/login -- ApiPOST Runtime +https://www.apipost.cn -- 1575956346718
POST -- /api/user/login -- ApiPOST Runtime +https://www.apipost.cn -- 1575956363857
POST -- /api/user/login -- ApiPOST Runtime +https://www.apipost.cn -- 1575956605724
GET -- /api/user/login?username=lyt&password=1122 -- Mozilla/5.0 (Windows NT 10.0; Win64; x64) AppleWebKit/537.36 (KHTML, like Gecko) Chrome/78.0.3904.87 Safari/537.36 -- 1575956728509
GET -- /api/user/login?username=lyt&password=1122 -- Mozilla/5.0 (Windows NT 10.0; Win64; x64) AppleWebKit/537.36 (KHTML, like Gecko) Chrome/78.0.3904.87 Safari/537.36 -- 1575956777390
GET -- /api/user/login?username=lyt&password=1122 -- Mozilla/5.0 (Windows NT 10.0; Win64; x64) AppleWebKit/537.36 (KHTML, like Gecko) Chrome/78.0.3904.87 Safari/537.36 -- 1575956812209
GET -- /api/user/login?username=lyt&password=1122 -- Mozilla/5.0 (Windows NT 10.0; Win64; x64) AppleWebKit/537.36 (KHTML, like Gecko) Chrome/78.0.3904.87 Safari/537.36 -- 1575956855785
GET -- /api/user/login?username=%E6%9D%8E%E4%BA%91%E6%B6%9B&password=1122 -- Mozilla/5.0 (Windows NT 10.0; Win64; x64) AppleWebKit/537.36 (KHTML, like Gecko) Chrome/78.0.3904.87 Safari/537.36 -- 1575956901532
GET -- /api/user/login?username=%E6%9D%8E%E4%BA%91%E6%B6%9B&password=1122 -- Mozilla/5.0 (Windows NT 10.0; Win64; x64) AppleWebKit/537.36 (KHTML, like Gecko) Chrome/78.0.3904.87 Safari/537.36 -- 1575956988457
GET -- /api/user/login?username=%E6%9D%8E%E4%BA%91%E6%B6%9B&password=1122 -- Mozilla/5.0 (Windows NT 10.0; Win64; x64) AppleWebKit/537.36 (KHTML, like Gecko) Chrome/78.0.3904.87 Safari/537.36 -- 1575956990374
GET -- /api/user/login?username=%E6%9D%8E%E4%BA%91%E6%B6%9B&password=1122 -- Mozilla/5.0 (Windows NT 10.0; Win64; x64) AppleWebKit/537.36 (KHTML, like Gecko) Chrome/78.0.3904.87 Safari/537.36 -- 1575957013783
GET -- /api/user/login?username=%E6%9D%8E%E4%BA%91%E6%B6%9B&password=1122 -- Mozilla/5.0 (Windows NT 10.0; Win64; x64) AppleWebKit/537.36 (KHTML, like Gecko) Chrome/78.0.3904.87 Safari/537.36 -- 1575957021113
GET -- /api/user/login?username=%E6%9D%8E%E4%BA%91%E6%B6%9B&password=1122 -- Mozilla/5.0 (Windows NT 10.0; Win64; x64) AppleWebKit/537.36 (KHTML, like Gecko) Chrome/78.0.3904.87 Safari/537.36 -- 1575957141117
GET -- /api/user/login?username=%E6%9D%8E%E4%BA%91%E6%B6%9B&password=1122 -- Mozilla/5.0 (Windows NT 10.0; Win64; x64) AppleWebKit/537.36 (KHTML, like Gecko) Chrome/78.0.3904.87 Safari/537.36 -- 1575957221527
GET -- /api/user/login?username=%E6%9D%8E%E4%BA%91%E6%B6%9B&password=1122 -- Mozilla/5.0 (Windows NT 10.0; Win64; x64) AppleWebKit/537.36 (KHTML, like Gecko) Chrome/78.0.3904.87 Safari/537.36 -- 1575957228246
GET -- /api/user/login?username=%E6%9D%8E%E4%BA%91%E6%B6%9B&password=1122 -- Mozilla/5.0 (Windows NT 10.0; Win64; x64) AppleWebKit/537.36 (KHTML, like Gecko) Chrome/78.0.3904.87 Safari/537.36 -- 1575957265648
GET -- /api/user/login?username=%E6%9D%8E%E4%BA%91%E6%B6%9B&password=1122 -- Mozilla/5.0 (Windows NT 10.0; Win64; x64) AppleWebKit/537.36 (KHTML, like Gecko) Chrome/78.0.3904.87 Safari/537.36 -- 1575957277686
GET -- /api/user/login?username=%E6%9D%8E%E4%BA%91%E6%B6%9B&password=1122 -- Mozilla/5.0 (Windows NT 10.0; Win64; x64) AppleWebKit/537.36 (KHTML, like Gecko) Chrome/78.0.3904.87 Safari/537.36 -- 1575957281273
GET -- /api/user/login?username=%E6%9D%8E%E4%BA%91%E6%B6%9B&password=1122 -- Mozilla/5.0 (Windows NT 10.0; Win64; x64) AppleWebKit/537.36 (KHTML, like Gecko) Chrome/78.0.3904.87 Safari/537.36 -- 1575957283757
GET -- /api/user/login?username=%E6%9D%8E%E4%BA%91%E6%B6%9B&password=1122 -- Mozilla/5.0 (Windows NT 10.0; Win64; x64) AppleWebKit/537.36 (KHTML, like Gecko) Chrome/78.0.3904.87 Safari/537.36 -- 1575957290148
GET -- /api/user/login?username=%E6%9D%8E%E4%BA%91%E6%B6%9B&password=1122 -- Mozilla/5.0 (Windows NT 10.0; Win64; x64) AppleWebKit/537.36 (KHTML, like Gecko) Chrome/78.0.3904.87 Safari/537.36 -- 1575957293116
GET -- /api/user/login?username=%E6%9D%8E%E4%BA%91%E6%B6%9B&password=1122 -- Mozilla/5.0 (Windows NT 10.0; Win64; x64) AppleWebKit/537.36 (KHTML, like Gecko) Chrome/78.0.3904.87 Safari/537.36 -- 1575957303112
GET -- /api/user/login?username=%E6%9D%8E%E4%BA%91%E6%B6%9B&password=1122 -- Mozilla/5.0 (Windows NT 10.0; Win64; x64) AppleWebKit/537.36 (KHTML, like Gecko) Chrome/78.0.3904.87 Safari/537.36 -- 1575957307348
GET -- /api/user/login?username=%E6%9D%8E%E4%BA%91%E6%B6%9B&password=1122 -- Mozilla/5.0 (Windows NT 10.0; Win64; x64) AppleWebKit/537.36 (KHTML, like Gecko) Chrome/78.0.3904.87 Safari/537.36 -- 1575957314401
GET -- /api/user/login?username=%E6%9D%8E%E4%BA%91%E6%B6%9B&password=1122 -- Mozilla/5.0 (Windows NT 10.0; Win64; x64) AppleWebKit/537.36 (KHTML, like Gecko) Chrome/78.0.3904.87 Safari/537.36 -- 1575957356743
GET -- /api/user/login?username=%E6%9D%8E%E4%BA%91%E6%B6%9B&password=1122 -- Mozilla/5.0 (Windows NT 10.0; Win64; x64) AppleWebKit/537.36 (KHTML, like Gecko) Chrome/78.0.3904.87 Safari/537.36 -- 1575957369326
GET -- /api/user/login?username=%E6%9D%8E%E4%BA%91%E6%B6%9B&password=1122 -- Mozilla/5.0 (Windows NT 10.0; Win64; x64) AppleWebKit/537.36 (KHTML, like Gecko) Chrome/78.0.3904.87 Safari/537.36 -- 1575957372371
GET -- /api/user/login?username=%E6%9D%8E%E4%BA%91%E6%B6%9B&password=1122 -- Mozilla/5.0 (Windows NT 10.0; Win64; x64) AppleWebKit/537.36 (KHTML, like Gecko) Chrome/78.0.3904.87 Safari/537.36 -- 1575957440887
GET -- /api/user/login?username=%E6%9D%8E%E4%BA%91%E6%B6%9B&password=1122 -- Mozilla/5.0 (Windows NT 10.0; Win64; x64) AppleWebKit/537.36 (KHTML, like Gecko) Chrome/78.0.3904.87 Safari/537.36 -- 1575957483464
GET -- /api/user/login?username=%E6%9D%8E%E4%BA%91%E6%B6%9B&password=1122 -- Mozilla/5.0 (Windows NT 10.0; Win64; x64) AppleWebKit/537.36 (KHTML, like Gecko) Chrome/78.0.3904.87 Safari/537.36 -- 1575957487165
GET -- /api/user/login?username=%E6%9D%8E%E4%BA%91%E6%B6%9B&password=1122 -- Mozilla/5.0 (Windows NT 10.0; Win64; x64) AppleWebKit/537.36 (KHTML, like Gecko) Chrome/78.0.3904.87 Safari/537.36 -- 1575957503039
GET -- /api/user/login?username=%E6%9D%8E%E4%BA%91%E6%B6%9B&password=1122 -- Mozilla/5.0 (Windows NT 10.0; Win64; x64) AppleWebKit/537.36 (KHTML, like Gecko) Chrome/78.0.3904.87 Safari/537.36 -- 1575957504667
GET -- /api/user/login?username=%E6%9D%8E%E4%BA%91%E6%B6%9B&password=1122 -- Mozilla/5.0 (Windows NT 10.0; Win64; x64) AppleWebKit/537.36 (KHTML, like Gecko) Chrome/78.0.3904.87 Safari/537.36 -- 1575957529472
GET -- /api/user/login?username=%E6%9D%8E%E4%BA%91%E6%B6%9B&password=1122 -- Mozilla/5.0 (Windows NT 10.0; Win64; x64) AppleWebKit/537.36 (KHTML, like Gecko) Chrome/78.0.3904.87 Safari/537.36 -- 1575957551448
GET -- /api/user/login?username=%E6%9D%8E%E4%BA%91%E6%B6%9B&password=1122 -- Mozilla/5.0 (Windows NT 10.0; Win64; x64) AppleWebKit/537.36 (KHTML, like Gecko) Chrome/78.0.3904.87 Safari/537.36 -- 1575957611584
GET -- /api/user/login?username=%E6%9D%8E%E4%BA%91%E6%B6%9B&password=1122 -- Mozilla/5.0 (Windows NT 10.0; Win64; x64) AppleWebKit/537.36 (KHTML, like Gecko) Chrome/78.0.3904.87 Safari/537.36 -- 1575957614476
GET -- /api/user/login?username=%E6%9D%8E%E4%BA%91%E6%B6%9B&password=1122 -- Mozilla/5.0 (Windows NT 10.0; Win64; x64) AppleWebKit/537.36 (KHTML, like Gecko) Chrome/78.0.3904.87 Safari/537.36 -- 1575957922806
GET -- /api/user/login?username=%E6%9D%8E%E4%BA%91%E6%B6%9B&password=1122 -- Mozilla/5.0 (Windows NT 10.0; Win64; x64) AppleWebKit/537.36 (KHTML, like Gecko) Chrome/78.0.3904.87 Safari/537.36 -- 1575957934083
GET -- /api/user/login?username=%E6%9D%8E%E4%BA%91%E6%B6%9B&password=1122 -- Mozilla/5.0 (Windows NT 10.0; Win64; x64) AppleWebKit/537.36 (KHTML, like Gecko) Chrome/78.0.3904.87 Safari/537.36 -- 1575957950270
GET -- /api/user/login?username=%E6%9D%8E%E4%BA%91%E6%B6%9B&password=1122 -- Mozilla/5.0 (Windows NT 10.0; Win64; x64) AppleWebKit/537.36 (KHTML, like Gecko) Chrome/78.0.3904.87 Safari/537.36 -- 1575957952201
GET -- /api/user/login?username=%E6%9D%8E%E4%BA%91%E6%B6%9B&password=1122 -- Mozilla/5.0 (Windows NT 10.0; Win64; x64) AppleWebKit/537.36 (KHTML, like Gecko) Chrome/78.0.3904.87 Safari/537.36 -- 1575957958465
GET -- /api/user/login?username=%E6%9D%8E%E4%BA%91%E6%B6%9B&password=1122 -- Mozilla/5.0 (Windows NT 10.0; Win64; x64) AppleWebKit/537.36 (KHTML, like Gecko) Chrome/78.0.3904.87 Safari/537.36 -- 1575957973819
GET -- /api/user/login?username=%E6%9D%8E%E4%BA%91%E6%B6%9B&password=1122 -- Mozilla/5.0 (Windows NT 10.0; Win64; x64) AppleWebKit/537.36 (KHTML, like Gecko) Chrome/78.0.3904.87 Safari/537.36 -- 1575958008380
GET -- /api/user/login?username=%E6%9D%8E%E4%BA%91%E6%B6%9B&password=1122 -- Mozilla/5.0 (Windows NT 10.0; Win64; x64) AppleWebKit/537.36 (KHTML, like Gecko) Chrome/78.0.3904.87 Safari/537.36 -- 1575958011129
GET -- /api/user/login?username=%E6%9D%8E%E4%BA%91%E6%B6%9B&password=112 -- Mozilla/5.0 (Windows NT 10.0; Win64; x64) AppleWebKit/537.36 (KHTML, like Gecko) Chrome/78.0.3904.87 Safari/537.36 -- 1575958015949
GET -- /api/user/login?username=%E6%9D%8E%E4%BA%91%E6%B6%9B&password=112 -- Mozilla/5.0 (Windows NT 10.0; Win64; x64) AppleWebKit/537.36 (KHTML, like Gecko) Chrome/78.0.3904.87 Safari/537.36 -- 1575958020608
GET -- /api/user/login?username=%E6%9D%8E%E4%BA%91%E6%B6%9B&password=112 -- Mozilla/5.0 (Windows NT 10.0; Win64; x64) AppleWebKit/537.36 (KHTML, like Gecko) Chrome/78.0.3904.87 Safari/537.36 -- 1575958022914
GET -- /api/user/login?username=%E6%9D%8E%E4%BA%91%E6%B6%9B&password=112 -- Mozilla/5.0 (Windows NT 10.0; Win64; x64) AppleWebKit/537.36 (KHTML, like Gecko) Chrome/78.0.3904.87 Safari/537.36 -- 1575958031948
GET -- /api/user/login?username=%E6%9D%8E%E4%BA%91%E6%B6%9B&password=112 -- Mozilla/5.0 (Windows NT 10.0; Win64; x64) AppleWebKit/537.36 (KHTML, like Gecko) Chrome/78.0.3904.87 Safari/537.36 -- 1575958039606
GET -- /api/user/login?username=%E6%9D%8E%E4%BA%91%E6%B6%9B&password=1122 -- ApiPOST Runtime +https://www.apipost.cn -- 1575958103099
GET -- /api/user/login?username=%E6%9D%8E%E4%BA%91%E6%B6%9B&password=112 -- Mozilla/5.0 (Windows NT 10.0; Win64; x64) AppleWebKit/537.36 (KHTML, like Gecko) Chrome/78.0.3904.87 Safari/537.36 -- 1575958120016
GET -- /api/user/login?username=%E6%9D%8E%E4%BA%91%E6%B6%9B&password=1122 -- Mozilla/5.0 (Windows NT 10.0; Win64; x64) AppleWebKit/537.36 (KHTML, like Gecko) Chrome/78.0.3904.87 Safari/537.36 -- 1575958124338
POST -- /api/user/login-test -- ApiPOST Runtime +https://www.apipost.cn -- 1575958200682
GET -- /api/user/login-test -- Mozilla/5.0 (Windows NT 10.0; Win64; x64) AppleWebKit/537.36 (KHTML, like Gecko) Chrome/78.0.3904.87 Safari/537.36 -- 1575958222811
GET -- /api/user/login-test -- Mozilla/5.0 (Windows NT 10.0; Win64; x64) AppleWebKit/537.36 (KHTML, like Gecko) Chrome/78.0.3904.87 Safari/537.36 -- 1575958249716
GET -- /api/user/login?username=%E6%9D%8E%E4%BA%91%E6%B6%9B&password=1122 -- Mozilla/5.0 (Windows NT 10.0; Win64; x64) AppleWebKit/537.36 (KHTML, like Gecko) Chrome/78.0.3904.87 Safari/537.36 -- 1575958336477
GET -- /api/user/login?username=%E6%9D%8E%E4%BA%91%E6%B6%9B&password=1122 -- Mozilla/5.0 (Windows NT 10.0; Win64; x64) AppleWebKit/537.36 (KHTML, like Gecko) Chrome/78.0.3904.87 Safari/537.36 -- 1575958371868
GET -- /api/user/login?username=%E6%9D%8E%E4%BA%91%E6%B6%9B&password=1122 -- Mozilla/5.0 (Windows NT 10.0; Win64; x64) AppleWebKit/537.36 (KHTML, like Gecko) Chrome/78.0.3904.87 Safari/537.36 -- 1575958381496
GET -- /api/user/login?username=%E6%9D%8E%E4%BA%91%E6%B6%9B&password=1122 -- Mozilla/5.0 (Windows NT 10.0; Win64; x64) AppleWebKit/537.36 (KHTML, like Gecko) Chrome/78.0.3904.87 Safari/537.36 -- 1575958408409
GET -- /api/user/login?username=%E6%9D%8E%E4%BA%91%E6%B6%9B&password=1122 -- Mozilla/5.0 (Windows NT 10.0; Win64; x64) AppleWebKit/537.36 (KHTML, like Gecko) Chrome/78.0.3904.87 Safari/537.36 -- 1575958410808
GET -- /api/user/login?username=%E6%9D%8E%E4%BA%91%E6%B6%9B&password=1122 -- Mozilla/5.0 (Windows NT 10.0; Win64; x64) AppleWebKit/537.36 (KHTML, like Gecko) Chrome/78.0.3904.87 Safari/537.36 -- 1575958439654
GET -- /api/user/login?username=%E6%9D%8E%E4%BA%91%E6%B6%9B&password=1122 -- Mozilla/5.0 (Windows NT 10.0; Win64; x64) AppleWebKit/537.36 (KHTML, like Gecko) Chrome/78.0.3904.87 Safari/537.36 -- 1575958442761
GET -- /api/user/login?username=%E6%9D%8E%E4%BA%91%E6%B6%9B&password=1122 -- Mozilla/5.0 (Windows NT 10.0; Win64; x64) AppleWebKit/537.36 (KHTML, like Gecko) Chrome/78.0.3904.87 Safari/537.36 -- 1575958450100
GET -- /api/user/login?username=%E6%9D%8E%E4%BA%91%E6%B6%9B&password=1122 -- Mozilla/5.0 (Windows NT 10.0; Win64; x64) AppleWebKit/537.36 (KHTML, like Gecko) Chrome/78.0.3904.87 Safari/537.36 -- 1575958465955
GET -- /api/user/login?username=%E6%9D%8E%E4%BA%91%E6%B6%9B&password=1122 -- Mozilla/5.0 (Windows NT 10.0; Win64; x64) AppleWebKit/537.36 (KHTML, like Gecko) Chrome/78.0.3904.87 Safari/537.36 -- 1575958468272
GET -- /api/user/login?username=%E6%9D%8E%E4%BA%91%E6%B6%9B&password=1122 -- Mozilla/5.0 (Windows NT 10.0; Win64; x64) AppleWebKit/537.36 (KHTML, like Gecko) Chrome/78.0.3904.87 Safari/537.36 -- 1575958472264
GET -- /api/user/login?username=%E6%9D%8E%E4%BA%91%E6%B6%9B&password=1122 -- Mozilla/5.0 (Windows NT 10.0; Win64; x64) AppleWebKit/537.36 (KHTML, like Gecko) Chrome/78.0.3904.87 Safari/537.36 -- 1575958478809
GET -- /api/user/login?username=%E6%9D%8E%E4%BA%91%E6%B6%9B&password=1122 -- Mozilla/5.0 (Windows NT 10.0; Win64; x64) AppleWebKit/537.36 (KHTML, like Gecko) Chrome/78.0.3904.87 Safari/537.36 -- 1575958504213
GET -- /api/user/login?username=%E6%9D%8E%E4%BA%91%E6%B6%9B&password=1122 -- Mozilla/5.0 (Windows NT 10.0; Win64; x64) AppleWebKit/537.36 (KHTML, like Gecko) Chrome/78.0.3904.87 Safari/537.36 -- 1575958530077
GET -- /api/user/login?username=%E6%9D%8E%E4%BA%91%E6%B6%9B&password=1122 -- Mozilla/5.0 (Windows NT 10.0; Win64; x64) AppleWebKit/537.36 (KHTML, like Gecko) Chrome/78.0.3904.87 Safari/537.36 -- 1575958538166
GET -- /api/user/login?username=%E6%9D%8E%E4%BA%91%E6%B6%9B&password=1122 -- Mozilla/5.0 (Windows NT 10.0; Win64; x64) AppleWebKit/537.36 (KHTML, like Gecko) Chrome/78.0.3904.87 Safari/537.36 -- 1575958551409
GET -- /api/user/login?username=%E6%9D%8E%E4%BA%91%E6%B6%9B&password=1122 -- Mozilla/5.0 (Windows NT 10.0; Win64; x64) AppleWebKit/537.36 (KHTML, like Gecko) Chrome/78.0.3904.87 Safari/537.36 -- 1575958603527
GET -- /api/user/login?username=%E6%9D%8E%E4%BA%91%E6%B6%9B&password=1122 -- Mozilla/5.0 (Windows NT 10.0; Win64; x64) AppleWebKit/537.36 (KHTML, like Gecko) Chrome/78.0.3904.87 Safari/537.36 -- 1575958657615
GET -- /api/user/login?username=%E6%9D%8E%E4%BA%91%E6%B6%9B&password=1122 -- Mozilla/5.0 (Windows NT 10.0; Win64; x64) AppleWebKit/537.36 (KHTML, like Gecko) Chrome/78.0.3904.87 Safari/537.36 -- 1575958662914
GET -- /api/user/login?username=%E6%9D%8E%E4%BA%91%E6%B6%9B&password=1122 -- Mozilla/5.0 (Windows NT 10.0; Win64; x64) AppleWebKit/537.36 (KHTML, like Gecko) Chrome/78.0.3904.87 Safari/537.36 -- 1575958691867
GET -- /api/user/login?username=%E6%9D%8E%E4%BA%91%E6%B6%9B&password=1122 -- Mozilla/5.0 (Windows NT 10.0; Win64; x64) AppleWebKit/537.36 (KHTML, like Gecko) Chrome/78.0.3904.87 Safari/537.36 -- 1575958702263
GET -- /api/user/login?username=%E6%9D%8E%E4%BA%91%E6%B6%9B&password=1122 -- Mozilla/5.0 (Windows NT 10.0; Win64; x64) AppleWebKit/537.36 (KHTML, like Gecko) Chrome/78.0.3904.87 Safari/537.36 -- 1575958732634
GET -- /api/user/login?username=lyt&password=1122 -- Mozilla/5.0 (Windows NT 10.0; Win64; x64) AppleWebKit/537.36 (KHTML, like Gecko) Chrome/78.0.3904.87 Safari/537.36 -- 1575958831155
GET -- /api/user/login?username=lyt&password=1122 -- Mozilla/5.0 (Windows NT 10.0; Win64; x64) AppleWebKit/537.36 (KHTML, like Gecko) Chrome/78.0.3904.87 Safari/537.36 -- 1575958857706
GET -- /api/user/login?username=lyt&password=1122 -- Mozilla/5.0 (Windows NT 10.0; Win64; x64) AppleWebKit/537.36 (KHTML, like Gecko) Chrome/78.0.3904.87 Safari/537.36 -- 1575958873730
GET -- /api/user/login?username=lyt&password=1122 -- Mozilla/5.0 (Windows NT 10.0; Win64; x64) AppleWebKit/537.36 (KHTML, like Gecko) Chrome/78.0.3904.87 Safari/537.36 -- 1575958956932
GET -- /api/user/login?username=lyt&password=1122 -- Mozilla/5.0 (Windows NT 10.0; Win64; x64) AppleWebKit/537.36 (KHTML, like Gecko) Chrome/78.0.3904.87 Safari/537.36 -- 1575959224970
GET -- /api/user/login?username=lyt&password=1122 -- Mozilla/5.0 (Windows NT 10.0; Win64; x64) AppleWebKit/537.36 (KHTML, like Gecko) Chrome/78.0.3904.87 Safari/537.36 -- 1575959248271
GET -- //api/user/login?username=lyt&password=1122 -- Mozilla/5.0 (Windows NT 10.0; Win64; x64) AppleWebKit/537.36 (KHTML, like Gecko) Chrome/78.0.3904.87 Safari/537.36 -- 1575960385714
GET -- /api/user/login?username=lyt&password=1122 -- Mozilla/5.0 (Windows NT 10.0; Win64; x64) AppleWebKit/537.36 (KHTML, like Gecko) Chrome/78.0.3904.87 Safari/537.36 -- 1575960407848
GET -- /api/user/login-test -- Mozilla/5.0 (Windows NT 10.0; Win64; x64) AppleWebKit/537.36 (KHTML, like Gecko) Chrome/78.0.3904.87 Safari/537.36 -- 1575960417976
POST -- /api/user/login -- ApiPOST Runtime +https://www.apipost.cn -- 1576737040639
GET -- /index.html -- Mozilla/5.0 (Windows NT 10.0; Win64; x64) AppleWebKit/537.36 (KHTML, like Gecko) Chrome/78.0.3904.87 Safari/537.36 -- 1576738607362
GET -- /index.html -- Mozilla/5.0 (Windows NT 10.0; Win64; x64) AppleWebKit/537.36 (KHTML, like Gecko) Chrome/78.0.3904.87 Safari/537.36 -- 1576738644244
GET -- /index.html -- Mozilla/5.0 (Windows NT 10.0; Win64; x64) AppleWebKit/537.36 (KHTML, like Gecko) Chrome/78.0.3904.87 Safari/537.36 -- 1576738647552
GET -- /index.html -- Mozilla/5.0 (Windows NT 10.0; Win64; x64) AppleWebKit/537.36 (KHTML, like Gecko) Chrome/78.0.3904.87 Safari/537.36 -- 1576739820115
GET -- /api/blog/list -- Mozilla/5.0 (Windows NT 10.0; Win64; x64) AppleWebKit/537.36 (KHTML, like Gecko) Chrome/78.0.3904.87 Safari/537.36 -- 1576740136899
GET -- /api/blog/detail?id=21 -- Mozilla/5.0 (Windows NT 10.0; Win64; x64) AppleWebKit/537.36 (KHTML, like Gecko) Chrome/78.0.3904.87 Safari/537.36 -- 1576740141418
GET -- /api/blog/detail?id=21 -- Mozilla/5.0 (Windows NT 10.0; Win64; x64) AppleWebKit/537.36 (KHTML, like Gecko) Chrome/78.0.3904.87 Safari/537.36 -- 1576740819655
GET -- /api/blog/detail?id=undefined -- Mozilla/5.0 (Windows NT 10.0; Win64; x64) AppleWebKit/537.36 (KHTML, like Gecko) Chrome/78.0.3904.87 Safari/537.36 -- 1576740883089
POST -- /api/blog/update?id=undefined -- Mozilla/5.0 (Windows NT 10.0; Win64; x64) AppleWebKit/537.36 (KHTML, like Gecko) Chrome/78.0.3904.87 Safari/537.36 -- 1576741134135
POST -- /api/blog/update?id=undefined -- Mozilla/5.0 (Windows NT 10.0; Win64; x64) AppleWebKit/537.36 (KHTML, like Gecko) Chrome/78.0.3904.87 Safari/537.36 -- 1576741147917
POST -- /api/blog/new -- Mozilla/5.0 (Windows NT 10.0; Win64; x64) AppleWebKit/537.36 (KHTML, like Gecko) Chrome/78.0.3904.87 Safari/537.36 -- 1576741230174
GET -- /api/blog/list?isadmin=1 -- Mozilla/5.0 (Windows NT 10.0; Win64; x64) AppleWebKit/537.36 (KHTML, like Gecko) Chrome/78.0.3904.87 Safari/537.36 -- 1576741234041
POST -- /api/user/login -- Mozilla/5.0 (Windows NT 10.0; Win64; x64) AppleWebKit/537.36 (KHTML, like Gecko) Chrome/78.0.3904.87 Safari/537.36 -- 1576741279982
GET -- /api/blog/list?isadmin=1 -- Mozilla/5.0 (Windows NT 10.0; Win64; x64) AppleWebKit/537.36 (KHTML, like Gecko) Chrome/78.0.3904.87 Safari/537.36 -- 1576741280073
GET -- /api/blog/list?isadmin=1&keyword=%E8%87%AA%E6%AD%A4%E6%8A%98%E5%89%91%E5%87%BA%E6%B1%9F%E6%B9%96%EF%BC%8C%E6%88%91%E4%BB%A5%E6%89%8B%E8%B6%B3%E6%8D%A2%E6%89%8B%E8%B6%B3 -- Mozilla/5.0 (Windows NT 10.0; Win64; x64) AppleWebKit/537.36 (KHTML, like Gecko) Chrome/78.0.3904.87 Safari/537.36 -- 1576741382708
GET -- /api/blog/list?isadmin=1 -- Mozilla/5.0 (Windows NT 10.0; Win64; x64) AppleWebKit/537.36 (KHTML, like Gecko) Chrome/78.0.3904.87 Safari/537.36 -- 1576741469974
GET -- /api/blog/list -- ApiPOST Runtime +https://www.apipost.cn -- 1576741552633
GET -- /api/blog/list?isadmin=1 -- Mozilla/5.0 (Windows NT 10.0; Win64; x64) AppleWebKit/537.36 (KHTML, like Gecko) Chrome/78.0.3904.87 Safari/537.36 -- 1576741574550
GET -- /api/blog/list?isadmin=1&keyword=21 -- Mozilla/5.0 (Windows NT 10.0; Win64; x64) AppleWebKit/537.36 (KHTML, like Gecko) Chrome/78.0.3904.87 Safari/537.36 -- 1576741657048
GET -- /api/blog/list?isadmin=1 -- Mozilla/5.0 (Windows NT 10.0; Win64; x64) AppleWebKit/537.36 (KHTML, like Gecko) Chrome/78.0.3904.87 Safari/537.36 -- 1576741665639
GET -- /api/blog/list?isadmin=1&keyword=21 -- Mozilla/5.0 (Windows NT 10.0; Win64; x64) AppleWebKit/537.36 (KHTML, like Gecko) Chrome/78.0.3904.87 Safari/537.36 -- 1576741766934
GET -- /api/blog/list?isadmin=1 -- Mozilla/5.0 (Windows NT 10.0; Win64; x64) AppleWebKit/537.36 (KHTML, like Gecko) Chrome/78.0.3904.87 Safari/537.36 -- 1576741808276
GET -- /api/blog/list?isadmin=1 -- Mozilla/5.0 (Windows NT 10.0; Win64; x64) AppleWebKit/537.36 (KHTML, like Gecko) Chrome/78.0.3904.87 Safari/537.36 -- 1576741868051
GET -- /api/blog/list?isadmin=1 -- Mozilla/5.0 (Windows NT 10.0; Win64; x64) AppleWebKit/537.36 (KHTML, like Gecko) Chrome/78.0.3904.87 Safari/537.36 -- 1576741888266
GET -- /api/blog/list?isadmin=1&keyword=21 -- Mozilla/5.0 (Windows NT 10.0; Win64; x64) AppleWebKit/537.36 (KHTML, like Gecko) Chrome/78.0.3904.87 Safari/537.36 -- 1576741894729
GET -- /api/blog/list?isadmin=1&keyword=22 -- Mozilla/5.0 (Windows NT 10.0; Win64; x64) AppleWebKit/537.36 (KHTML, like Gecko) Chrome/78.0.3904.87 Safari/537.36 -- 1576741942971
GET -- /api/blog/list?isadmin=1&keyword=21 -- Mozilla/5.0 (Windows NT 10.0; Win64; x64) AppleWebKit/537.36 (KHTML, like Gecko) Chrome/78.0.3904.87 Safari/537.36 -- 1576741980880
GET -- /api/blog/list?isadmin=1&keyword=21 -- Mozilla/5.0 (Windows NT 10.0; Win64; x64) AppleWebKit/537.36 (KHTML, like Gecko) Chrome/78.0.3904.87 Safari/537.36 -- 1576742000139
GET -- /api/blog/list?isadmin=1 -- Mozilla/5.0 (Windows NT 10.0; Win64; x64) AppleWebKit/537.36 (KHTML, like Gecko) Chrome/78.0.3904.87 Safari/537.36 -- 1576742016990
GET -- /api/blog/list?isadmin=1&keyword=21 -- Mozilla/5.0 (Windows NT 10.0; Win64; x64) AppleWebKit/537.36 (KHTML, like Gecko) Chrome/78.0.3904.87 Safari/537.36 -- 1576742039133
GET -- /api/blog/list?isadmin=1 -- Mozilla/5.0 (Windows NT 10.0; Win64; x64) AppleWebKit/537.36 (KHTML, like Gecko) Chrome/78.0.3904.87 Safari/537.36 -- 1576742071799
GET -- /api/blog/list?isadmin=1 -- Mozilla/5.0 (Windows NT 10.0; Win64; x64) AppleWebKit/537.36 (KHTML, like Gecko) Chrome/78.0.3904.87 Safari/537.36 -- 1576742092256
GET -- /api/blog/list?isadmin=1 -- Mozilla/5.0 (Windows NT 10.0; Win64; x64) AppleWebKit/537.36 (KHTML, like Gecko) Chrome/78.0.3904.87 Safari/537.36 -- 1576742140848
GET -- /api/blog/detail?id=21 -- Mozilla/5.0 (Windows NT 10.0; Win64; x64) AppleWebKit/537.36 (KHTML, like Gecko) Chrome/78.0.3904.87 Safari/537.36 -- 1576742146328
GET -- /api/blog/detail?id=22 -- Mozilla/5.0 (Windows NT 10.0; Win64; x64) AppleWebKit/537.36 (KHTML, like Gecko) Chrome/78.0.3904.87 Safari/537.36 -- 1576742151790
GET -- /api/blog/detail?id=22 -- Mozilla/5.0 (Windows NT 10.0; Win64; x64) AppleWebKit/537.36 (KHTML, like Gecko) Chrome/78.0.3904.87 Safari/537.36 -- 1576742158967
GET -- /api/blog/list -- Mozilla/5.0 (Windows NT 10.0; Win64; x64) AppleWebKit/537.36 (KHTML, like Gecko) Chrome/78.0.3904.87 Safari/537.36 -- 1576742208847
GET -- /api/blog/detail?id=22 -- Mozilla/5.0 (Windows NT 10.0; Win64; x64) AppleWebKit/537.36 (KHTML, like Gecko) Chrome/78.0.3904.87 Safari/537.36 -- 1576742210587
GET -- /api/blog/detail?id=21 -- Mozilla/5.0 (Windows NT 10.0; Win64; x64) AppleWebKit/537.36 (KHTML, like Gecko) Chrome/78.0.3904.87 Safari/537.36 -- 1576742389691
GET -- /api/blog/list?isadmin=1 -- Mozilla/5.0 (Windows NT 10.0; Win64; x64) AppleWebKit/537.36 (KHTML, like Gecko) Chrome/78.0.3904.87 Safari/537.36 -- 1576742415608
GET -- /api/blog/list?isadmin=1 -- Mozilla/5.0 (Windows NT 10.0; Win64; x64) AppleWebKit/537.36 (KHTML, like Gecko) Chrome/78.0.3904.87 Safari/537.36 -- 1576742420405
GET -- /api/blog/list?isadmin=1&keyword=%E9%9B%AA%E4%B8%AD%E6%82%8D%E5%88%80%E8%A1%8C-%E6%B8%A9%E5%8D%8E -- Mozilla/5.0 (Windows NT 10.0; Win64; x64) AppleWebKit/537.36 (KHTML, like Gecko) Chrome/78.0.3904.87 Safari/537.36 -- 1576742427475
GET -- /api/blog/detail?id=22 -- Mozilla/5.0 (Windows NT 10.0; Win64; x64) AppleWebKit/537.36 (KHTML, like Gecko) Chrome/78.0.3904.87 Safari/537.36 -- 1576742430412
GET -- /api/blog/list -- Mozilla/5.0 (Windows NT 10.0; Win64; x64) AppleWebKit/537.36 (KHTML, like Gecko) Chrome/78.0.3904.87 Safari/537.36 -- 1576742449592
GET -- /api/blog/list -- Mozilla/5.0 (Windows NT 10.0; Win64; x64) AppleWebKit/537.36 (KHTML, like Gecko) Chrome/78.0.3904.87 Safari/537.36 -- 1576742534815
POST -- /api/blog/new -- Mozilla/5.0 (Windows NT 10.0; Win64; x64) AppleWebKit/537.36 (KHTML, like Gecko) Chrome/78.0.3904.87 Safari/537.36 -- 1576742796313
GET -- /api/blog/list?isadmin=1 -- Mozilla/5.0 (Windows NT 10.0; Win64; x64) AppleWebKit/537.36 (KHTML, like Gecko) Chrome/78.0.3904.87 Safari/537.36 -- 1576742798625
GET -- /api/blog/list?isadmin=1 -- Mozilla/5.0 (Windows NT 10.0; Win64; x64) AppleWebKit/537.36 (KHTML, like Gecko) Chrome/78.0.3904.87 Safari/537.36 -- 1576742805150
GET -- /api/blog/list?isadmin=1 -- Mozilla/5.0 (Windows NT 10.0; Win64; x64) AppleWebKit/537.36 (KHTML, like Gecko) Chrome/78.0.3904.87 Safari/537.36 -- 1576742816862
GET -- /api/blog/list?isadmin=1 -- Mozilla/5.0 (Windows NT 10.0; Win64; x64) AppleWebKit/537.36 (KHTML, like Gecko) Chrome/78.0.3904.87 Safari/537.36 -- 1576742822925
GET -- /api/blog/list?isadmin=1 -- Mozilla/5.0 (Windows NT 10.0; Win64; x64) AppleWebKit/537.36 (KHTML, like Gecko) Chrome/78.0.3904.87 Safari/537.36 -- 1576742824041
GET -- /api/blog/list?isadmin=1 -- Mozilla/5.0 (Windows NT 10.0; Win64; x64) AppleWebKit/537.36 (KHTML, like Gecko) Chrome/78.0.3904.87 Safari/537.36 -- 1576742825526
GET -- /api/blog/list?isadmin=1 -- Mozilla/5.0 (Windows NT 10.0; Win64; x64) AppleWebKit/537.36 (KHTML, like Gecko) Chrome/78.0.3904.87 Safari/537.36 -- 1576742826426
GET -- /api/blog/list?isadmin=1&keyword=%E9%9B%AA%E4%B8%AD%E6%82%8D%E5%88%80%E8%A1%8C-%E7%BA%B3%E5%85%B0%E5%8F%B3%E6%85%88 -- Mozilla/5.0 (Windows NT 10.0; Win64; x64) AppleWebKit/537.36 (KHTML, like Gecko) Chrome/78.0.3904.87 Safari/537.36 -- 1576742837164
GET -- /api/blog/list?isadmin=1 -- Mozilla/5.0 (Windows NT 10.0; Win64; x64) AppleWebKit/537.36 (KHTML, like Gecko) Chrome/78.0.3904.87 Safari/537.36 -- 1576742845672
GET -- /api/blog/list?isadmin=1 -- Mozilla/5.0 (Windows NT 10.0; Win64; x64) AppleWebKit/537.36 (KHTML, like Gecko) Chrome/78.0.3904.87 Safari/537.36 -- 1576742953390
GET -- /api/blog/detail?id=22 -- Mozilla/5.0 (Windows NT 10.0; Win64; x64) AppleWebKit/537.36 (KHTML, like Gecko) Chrome/78.0.3904.87 Safari/537.36 -- 1576742971420
GET -- /api/blog/list?isadmin=1 -- Mozilla/5.0 (Windows NT 10.0; Win64; x64) AppleWebKit/537.36 (KHTML, like Gecko) Chrome/78.0.3904.87 Safari/537.36 -- 1576742985102
POST -- /api/blog/new -- Mozilla/5.0 (Windows NT 10.0; Win64; x64) AppleWebKit/537.36 (KHTML, like Gecko) Chrome/78.0.3904.87 Safari/537.36 -- 1576745308925
GET -- /api/blog/list?isadmin=1 -- Mozilla/5.0 (Windows NT 10.0; Win64; x64) AppleWebKit/537.36 (KHTML, like Gecko) Chrome/78.0.3904.87 Safari/537.36 -- 1576745310638
GET -- /api/blog/list?isadmin=1 -- Mozilla/5.0 (Windows NT 10.0; Win64; x64) AppleWebKit/537.36 (KHTML, like Gecko) Chrome/78.0.3904.87 Safari/537.36 -- 1576746674298
GET -- /api/blog/list -- Mozilla/5.0 (Windows NT 10.0; Win64; x64) AppleWebKit/537.36 (KHTML, like Gecko) Chrome/78.0.3904.87 Safari/537.36 -- 1576746695461
GET -- /api/blog/detail?id=21 -- Mozilla/5.0 (Windows NT 10.0; Win64; x64) AppleWebKit/537.36 (KHTML, like Gecko) Chrome/78.0.3904.87 Safari/537.36 -- 1576746703600
GET -- /api/blog/detail?id=23 -- Mozilla/5.0 (Windows NT 10.0; Win64; x64) AppleWebKit/537.36 (KHTML, like Gecko) Chrome/78.0.3904.87 Safari/537.36 -- 1576746721807
GET -- /api/blog/detail?id=22 -- Mozilla/5.0 (Windows NT 10.0; Win64; x64) AppleWebKit/537.36 (KHTML, like Gecko) Chrome/78.0.3904.87 Safari/537.36 -- 1576746730632
GET -- /api/blog/detail?id=22 -- Mozilla/5.0 (Windows NT 10.0; Win64; x64) AppleWebKit/537.36 (KHTML, like Gecko) Chrome/78.0.3904.87 Safari/537.36 -- 1576746733773
GET -- /api/blog/detail?id=21 -- Mozilla/5.0 (Windows NT 10.0; Win64; x64) AppleWebKit/537.36 (KHTML, like Gecko) Chrome/78.0.3904.87 Safari/537.36 -- 1576746736916
GET -- /api/blog/detail?id=24 -- Mozilla/5.0 (Windows NT 10.0; Win64; x64) AppleWebKit/537.36 (KHTML, like Gecko) Chrome/78.0.3904.87 Safari/537.36 -- 1576746752712
GET -- /api/blog/detail?id=23 -- Mozilla/5.0 (Windows NT 10.0; Win64; x64) AppleWebKit/537.36 (KHTML, like Gecko) Chrome/78.0.3904.87 Safari/537.36 -- 1576806544097
GET -- /api/blog/detail?id=24 -- Mozilla/5.0 (Windows NT 10.0; Win64; x64) AppleWebKit/537.36 (KHTML, like Gecko) Chrome/78.0.3904.87 Safari/537.36 -- 1576820783571
GET -- /api/blog/detail?id=22 -- Mozilla/5.0 (Windows NT 10.0; Win64; x64) AppleWebKit/537.36 (KHTML, like Gecko) Chrome/78.0.3904.87 Safari/537.36 -- 1576820808877
GET -- /api/blog/detail?id=21 -- Mozilla/5.0 (Windows NT 10.0; Win64; x64) AppleWebKit/537.36 (KHTML, like Gecko) Chrome/78.0.3904.87 Safari/537.36 -- 1576820814414
GET -- /api/blog/detail?id=23 -- Mozilla/5.0 (Windows NT 10.0; Win64; x64) AppleWebKit/537.36 (KHTML, like Gecko) Chrome/78.0.3904.87 Safari/537.36 -- 1576828907386
GET -- /api/blog/detail?id=24 -- Mozilla/5.0 (Windows NT 10.0; Win64; x64) AppleWebKit/537.36 (KHTML, like Gecko) Chrome/78.0.3904.87 Safari/537.36 -- 1576828920436
GET -- /api/blog/detail?id=24 -- Mozilla/5.0 (Windows NT 10.0; Win64; x64) AppleWebKit/537.36 (KHTML, like Gecko) Chrome/78.0.3904.87 Safari/537.36 -- 1576829073677
GET -- /api/blog/list -- Mozilla/5.0 (Windows NT 10.0; Win64; x64) AppleWebKit/537.36 (KHTML, like Gecko) Chrome/78.0.3904.87 Safari/537.36 -- 1576830930059
GET -- /api/blog/detail?id=22 -- Mozilla/5.0 (Windows NT 10.0; Win64; x64) AppleWebKit/537.36 (KHTML, like Gecko) Chrome/78.0.3904.87 Safari/537.36 -- 1576830933015
GET -- /api/blog/detail?id=22 -- Mozilla/5.0 (Windows NT 10.0; Win64; x64) AppleWebKit/537.36 (KHTML, like Gecko) Chrome/78.0.3904.87 Safari/537.36 -- 1576830940034
POST -- /api/blog/update?id=22 -- Mozilla/5.0 (Windows NT 10.0; Win64; x64) AppleWebKit/537.36 (KHTML, like Gecko) Chrome/78.0.3904.87 Safari/537.36 -- 1576830970914
GET -- /api/blog/list?isadmin=1 -- Mozilla/5.0 (Windows NT 10.0; Win64; x64) AppleWebKit/537.36 (KHTML, like Gecko) Chrome/78.0.3904.87 Safari/537.36 -- 1576830974464
GET -- /api/blog/list?isadmin=1 -- Mozilla/5.0 (Windows NT 10.0; Win64; x64) AppleWebKit/537.36 (KHTML, like Gecko) Chrome/78.0.3904.87 Safari/537.36 -- 1576830977439
GET -- /api/blog/list?isadmin=1 -- Mozilla/5.0 (Windows NT 10.0; Win64; x64) AppleWebKit/537.36 (KHTML, like Gecko) Chrome/78.0.3904.87 Safari/537.36 -- 1576830980485
GET -- /api/blog/list -- Mozilla/5.0 (Windows NT 10.0; Win64; x64) AppleWebKit/537.36 (KHTML, like Gecko) Chrome/78.0.3904.87 Safari/537.36 -- 1576830984743
GET -- /api/blog/detail?id=22 -- Mozilla/5.0 (Windows NT 10.0; Win64; x64) AppleWebKit/537.36 (KHTML, like Gecko) Chrome/78.0.3904.87 Safari/537.36 -- 1576830986515
GET -- /api/blog/detail?id=21 -- Mozilla/5.0 (Windows NT 10.0; Win64; x64) AppleWebKit/537.36 (KHTML, like Gecko) Chrome/78.0.3904.87 Safari/537.36 -- 1576831014665
GET -- /api/blog/detail?id=24 -- Mozilla/5.0 (Windows NT 10.0; Win64; x64) AppleWebKit/537.36 (KHTML, like Gecko) Chrome/78.0.3904.87 Safari/537.36 -- 1576831028342
GET -- /api/blog/detail?id=23 -- Mozilla/5.0 (Windows NT 10.0; Win64; x64) AppleWebKit/537.36 (KHTML, like Gecko) Chrome/78.0.3904.87 Safari/537.36 -- 1576831032036
GET -- /api/blog/detail?id=22 -- Mozilla/5.0 (Windows NT 10.0; Win64; x64) AppleWebKit/537.36 (KHTML, like Gecko) Chrome/78.0.3904.87 Safari/537.36 -- 1576831035251
GET -- /api/blog/detail?id=21 -- Mozilla/5.0 (Windows NT 10.0; Win64; x64) AppleWebKit/537.36 (KHTML, like Gecko) Chrome/78.0.3904.87 Safari/537.36 -- 1576831090728
GET -- /api/blog/detail?id=23 -- Mozilla/5.0 (Windows NT 10.0; Win64; x64) AppleWebKit/537.36 (KHTML, like Gecko) Chrome/78.0.3904.87 Safari/537.36 -- 1576831103264
GET -- /api/blog/detail?id=22 -- Mozilla/5.0 (Windows NT 10.0; Win64; x64) AppleWebKit/537.36 (KHTML, like Gecko) Chrome/78.0.3904.87 Safari/537.36 -- 1576831107110
GET -- /api/blog/detail?id=21 -- Mozilla/5.0 (Windows NT 10.0; Win64; x64) AppleWebKit/537.36 (KHTML, like Gecko) Chrome/78.0.3904.87 Safari/537.36 -- 1576831110617
GET -- /api/blog/detail?id=24 -- Mozilla/5.0 (Windows NT 10.0; Win64; x64) AppleWebKit/537.36 (KHTML, like Gecko) Chrome/78.0.3904.87 Safari/537.36 -- 1576831123358
GET -- /api/blog/detail?id=23 -- Mozilla/5.0 (Windows NT 10.0; Win64; x64) AppleWebKit/537.36 (KHTML, like Gecko) Chrome/78.0.3904.87 Safari/537.36 -- 1576831126290
GET -- /api/blog/detail?id=22 -- Mozilla/5.0 (Windows NT 10.0; Win64; x64) AppleWebKit/537.36 (KHTML, like Gecko) Chrome/78.0.3904.87 Safari/537.36 -- 1576831129757
GET -- /api/blog/detail?id=21 -- Mozilla/5.0 (Windows NT 10.0; Win64; x64) AppleWebKit/537.36 (KHTML, like Gecko) Chrome/78.0.3904.87 Safari/537.36 -- 1576831132912
GET -- /api/blog/detail?id=22 -- Mozilla/5.0 (Windows NT 10.0; Win64; x64) AppleWebKit/537.36 (KHTML, like Gecko) Chrome/78.0.3904.87 Safari/537.36 -- 1576831137855
GET -- /api/blog/detail?id=23 -- Mozilla/5.0 (Windows NT 10.0; Win64; x64) AppleWebKit/537.36 (KHTML, like Gecko) Chrome/78.0.3904.87 Safari/537.36 -- 1576831142116
GET -- /api/blog/detail?id=24 -- Mozilla/5.0 (Windows NT 10.0; Win64; x64) AppleWebKit/537.36 (KHTML, like Gecko) Chrome/78.0.3904.87 Safari/537.36 -- 1576831218494
GET -- /api/blog/detail?id=23 -- Mozilla/5.0 (Windows NT 10.0; Win64; x64) AppleWebKit/537.36 (KHTML, like Gecko) Chrome/78.0.3904.87 Safari/537.36 -- 1576831222169
GET -- /api/blog/detail?id=22 -- Mozilla/5.0 (Windows NT 10.0; Win64; x64) AppleWebKit/537.36 (KHTML, like Gecko) Chrome/78.0.3904.87 Safari/537.36 -- 1576831225276
GET -- /api/blog/detail?id=21 -- Mozilla/5.0 (Windows NT 10.0; Win64; x64) AppleWebKit/537.36 (KHTML, like Gecko) Chrome/78.0.3904.87 Safari/537.36 -- 1576831228311
GET -- /api/blog/detail?id=24 -- Mozilla/5.0 (Windows NT 10.0; Win64; x64) AppleWebKit/537.36 (KHTML, like Gecko) Chrome/78.0.3904.87 Safari/537.36 -- 1576831233718
GET -- /api/blog/detail?id=23 -- Mozilla/5.0 (Windows NT 10.0; Win64; x64) AppleWebKit/537.36 (KHTML, like Gecko) Chrome/78.0.3904.87 Safari/537.36 -- 1576831237403
GET -- /api/blog/detail?id=22 -- Mozilla/5.0 (Windows NT 10.0; Win64; x64) AppleWebKit/537.36 (KHTML, like Gecko) Chrome/78.0.3904.87 Safari/537.36 -- 1576831242741
GET -- /index.html -- Mozilla/5.0 (Windows NT 10.0; Win64; x64) AppleWebKit/537.36 (KHTML, like Gecko) Chrome/78.0.3904.87 Safari/537.36 -- 1578983100971
GET -- /favicon.ico -- Mozilla/5.0 (Windows NT 10.0; Win64; x64) AppleWebKit/537.36 (KHTML, like Gecko) Chrome/78.0.3904.87 Safari/537.36 -- 1578983101032
GET -- /login.html -- Mozilla/5.0 (Windows NT 10.0; Win64; x64) AppleWebKit/537.36 (KHTML, like Gecko) Chrome/78.0.3904.87 Safari/537.36 -- 1578983110961
GET -- / -- Mozilla/5.0 (Windows NT 10.0; Win64; x64) AppleWebKit/537.36 (KHTML, like Gecko) Chrome/78.0.3904.87 Safari/537.36 -- 1578983121119
POST -- /api/user/login -- Mozilla/5.0 (Windows NT 10.0; Win64; x64) AppleWebKit/537.36 (KHTML, like Gecko) Chrome/78.0.3904.87 Safari/537.36 -- 1578983703466
GET -- /api/blog/list?isadmin=1 -- Mozilla/5.0 (Windows NT 10.0; Win64; x64) AppleWebKit/537.36 (KHTML, like Gecko) Chrome/78.0.3904.87 Safari/537.36 -- 1578983703813
GET -- /api/blog/detail?id=24 -- Mozilla/5.0 (Windows NT 10.0; Win64; x64) AppleWebKit/537.36 (KHTML, like Gecko) Chrome/78.0.3904.87 Safari/537.36 -- 1578984414529
GET -- /api/blog/detail?id=23 -- Mozilla/5.0 (Windows NT 10.0; Win64; x64) AppleWebKit/537.36 (KHTML, like Gecko) Chrome/78.0.3904.87 Safari/537.36 -- 1578984423788
GET -- /api/blog/detail?id=22 -- Mozilla/5.0 (Windows NT 10.0; Win64; x64) AppleWebKit/537.36 (KHTML, like Gecko) Chrome/78.0.3904.87 Safari/537.36 -- 1578984428522
GET -- /api/blog/detail?id=21 -- Mozilla/5.0 (Windows NT 10.0; Win64; x64) AppleWebKit/537.36 (KHTML, like Gecko) Chrome/78.0.3904.87 Safari/537.36 -- 1578984439881
POST -- /api/blog/new -- Mozilla/5.0 (Windows NT 10.0; Win64; x64) AppleWebKit/537.36 (KHTML, like Gecko) Chrome/78.0.3904.87 Safari/537.36 -- 1578991296217
POST -- /api/blog/new -- Mozilla/5.0 (Windows NT 10.0; Win64; x64) AppleWebKit/537.36 (KHTML, like Gecko) Chrome/78.0.3904.87 Safari/537.36 -- 1578991335921
GET -- /api/blog/list?isadmin=1 -- Mozilla/5.0 (Windows NT 10.0; Win64; x64) AppleWebKit/537.36 (KHTML, like Gecko) Chrome/78.0.3904.87 Safari/537.36 -- 1578991339699
POST -- /api/blog/del?id=25 -- Mozilla/5.0 (Windows NT 10.0; Win64; x64) AppleWebKit/537.36 (KHTML, like Gecko) Chrome/78.0.3904.87 Safari/537.36 -- 1578991342717
GET -- /api/blog/detail?id=25 -- Mozilla/5.0 (Windows NT 10.0; Win64; x64) AppleWebKit/537.36 (KHTML, like Gecko) Chrome/78.0.3904.87 Safari/537.36 -- 1578991346992
POST -- /api/blog/del?id=25 -- Mozilla/5.0 (Windows NT 10.0; Win64; x64) AppleWebKit/537.36 (KHTML, like Gecko) Chrome/78.0.3904.87 Safari/537.36 -- 1578991412473
POST -- /api/blog/new -- Mozilla/5.0 (Windows NT 10.0; Win64; x64) AppleWebKit/537.36 (KHTML, like Gecko) Chrome/78.0.3904.87 Safari/537.36 -- 1578991569441
GET -- /api/blog/list?isadmin=1 -- Mozilla/5.0 (Windows NT 10.0; Win64; x64) AppleWebKit/537.36 (KHTML, like Gecko) Chrome/78.0.3904.87 Safari/537.36 -- 1578991570918
GET -- /api/blog/detail?id=26 -- Mozilla/5.0 (Windows NT 10.0; Win64; x64) AppleWebKit/537.36 (KHTML, like Gecko) Chrome/78.0.3904.87 Safari/537.36 -- 1578991574078
GET -- /api/blog/list?isadmin=1 -- Mozilla/5.0 (Windows NT 10.0; Win64; x64) AppleWebKit/537.36 (KHTML, like Gecko) Chrome/78.0.3904.87 Safari/537.36 -- 1578991646343
GET -- /api/blog/detail?id=26 -- Mozilla/5.0 (Windows NT 10.0; Win64; x64) AppleWebKit/537.36 (KHTML, like Gecko) Chrome/78.0.3904.87 Safari/537.36 -- 1578991706463
POST -- /api/blog/new -- Mozilla/5.0 (Windows NT 10.0; Win64; x64) AppleWebKit/537.36 (KHTML, like Gecko) Chrome/78.0.3904.87 Safari/537.36 -- 1578991751011
GET -- /api/blog/list?isadmin=1 -- Mozilla/5.0 (Windows NT 10.0; Win64; x64) AppleWebKit/537.36 (KHTML, like Gecko) Chrome/78.0.3904.87 Safari/537.36 -- 1578991752543
GET -- /api/blog/detail?id=27 -- Mozilla/5.0 (Windows NT 10.0; Win64; x64) AppleWebKit/537.36 (KHTML, like Gecko) Chrome/78.0.3904.87 Safari/537.36 -- 1578991759319
POST -- /api/blog/update?id=27 -- Mozilla/5.0 (Windows NT 10.0; Win64; x64) AppleWebKit/537.36 (KHTML, like Gecko) Chrome/78.0.3904.87 Safari/537.36 -- 1578991763053
GET -- /api/blog/list?isadmin=1 -- Mozilla/5.0 (Windows NT 10.0; Win64; x64) AppleWebKit/537.36 (KHTML, like Gecko) Chrome/78.0.3904.87 Safari/537.36 -- 1578991764339
GET -- /api/blog/detail?id=27 -- Mozilla/5.0 (Windows NT 10.0; Win64; x64) AppleWebKit/537.36 (KHTML, like Gecko) Chrome/78.0.3904.87 Safari/537.36 -- 1578991768335
POST -- /api/blog/del?id=27 -- Mozilla/5.0 (Windows NT 10.0; Win64; x64) AppleWebKit/537.36 (KHTML, like Gecko) Chrome/78.0.3904.87 Safari/537.36 -- 1578991774181
POST -- /api/blog/del?id=27 -- Mozilla/5.0 (Windows NT 10.0; Win64; x64) AppleWebKit/537.36 (KHTML, like Gecko) Chrome/78.0.3904.87 Safari/537.36 -- 1578991841793
POST -- /api/blog/del?id=27 -- Mozilla/5.0 (Windows NT 10.0; Win64; x64) AppleWebKit/537.36 (KHTML, like Gecko) Chrome/78.0.3904.87 Safari/537.36 -- 1578991870783
GET -- /api/blog/list?isadmin=1 -- Mozilla/5.0 (Windows NT 10.0; Win64; x64) AppleWebKit/537.36 (KHTML, like Gecko) Chrome/78.0.3904.87 Safari/537.36 -- 1578992012600
POST -- /api/blog/del?id=25 -- Mozilla/5.0 (Windows NT 10.0; Win64; x64) AppleWebKit/537.36 (KHTML, like Gecko) Chrome/78.0.3904.87 Safari/537.36 -- 1578992064025
GET -- /api/blog/list?isadmin=1 -- Mozilla/5.0 (Windows NT 10.0; Win64; x64) AppleWebKit/537.36 (KHTML, like Gecko) Chrome/78.0.3904.87 Safari/537.36 -- 1578992064287
POST -- /api/blog/del?id=26 -- Mozilla/5.0 (Windows NT 10.0; Win64; x64) AppleWebKit/537.36 (KHTML, like Gecko) Chrome/78.0.3904.87 Safari/537.36 -- 1578992066753
GET -- /api/blog/list?isadmin=1 -- Mozilla/5.0 (Windows NT 10.0; Win64; x64) AppleWebKit/537.36 (KHTML, like Gecko) Chrome/78.0.3904.87 Safari/537.36 -- 1578992066900
POST -- /api/blog/del?id=27 -- Mozilla/5.0 (Windows NT 10.0; Win64; x64) AppleWebKit/537.36 (KHTML, like Gecko) Chrome/78.0.3904.87 Safari/537.36 -- 1578992068907
GET -- /api/blog/list?isadmin=1 -- Mozilla/5.0 (Windows NT 10.0; Win64; x64) AppleWebKit/537.36 (KHTML, like Gecko) Chrome/78.0.3904.87 Safari/537.36 -- 1578992069182
POST -- /api/blog/new -- Mozilla/5.0 (Windows NT 10.0; Win64; x64) AppleWebKit/537.36 (KHTML, like Gecko) Chrome/78.0.3904.87 Safari/537.36 -- 1578993393098
GET -- /api/blog/list?isadmin=1 -- Mozilla/5.0 (Windows NT 10.0; Win64; x64) AppleWebKit/537.36 (KHTML, like Gecko) Chrome/78.0.3904.87 Safari/537.36 -- 1578993394571
GET -- /api/blog/detail?id=28 -- Mozilla/5.0 (Windows NT 10.0; Win64; x64) AppleWebKit/537.36 (KHTML, like Gecko) Chrome/78.0.3904.87 Safari/537.36 -- 1578993395837
POST -- /api/blog/del?id=28 -- Mozilla/5.0 (Windows NT 10.0; Win64; x64) AppleWebKit/537.36 (KHTML, like Gecko) Chrome/78.0.3904.87 Safari/537.36 -- 1579051576638
GET -- /api/blog/list?isadmin=1 -- Mozilla/5.0 (Windows NT 10.0; Win64; x64) AppleWebKit/537.36 (KHTML, like Gecko) Chrome/78.0.3904.87 Safari/537.36 -- 1579051577958
